2025-10-16 23:46:56.659 [info] [main] Log level: Info
2025-10-16 23:46:56.659 [info] [main] Validating found git in: "git"
2025-10-16 23:46:56.659 [info] [main] Using git "2.51.0" from "git"
2025-10-16 23:46:56.659 [info] [Model][doInitialScan] Initial repository scan started
2025-10-16 23:46:56.659 [info] > git rev-parse --show-toplevel [4ms]
2025-10-16 23:46:56.659 [info] fatal: not a git repository (or any of the parent directories): .git
2025-10-16 23:46:56.659 [info] > git rev-parse --show-toplevel [4ms]
2025-10-16 23:46:56.659 [info] fatal: not a git repository (or any of the parent directories): .git
2025-10-16 23:46:56.659 [info] > git rev-parse --show-toplevel [1ms]
2025-10-16 23:46:56.659 [info] fatal: not a git repository (or any of the parent directories): .git
2025-10-16 23:46:56.659 [info] > git rev-parse --show-toplevel [4ms]
2025-10-16 23:46:56.659 [info] fatal: not a git repository (or any of the parent directories): .git
2025-10-16 23:46:56.659 [info] [Model][doInitialScan] Initial repository scan completed - repositories (0), closed repositories (0), parent repositories (0), unsafe repositories (0)
2025-10-16 23:46:56.659 [info] > git rev-parse --show-toplevel [1ms]
2025-10-16 23:46:56.659 [info] fatal: not a git repository (or any of the parent directories): .git
2025-10-16 23:46:56.789 [info] > git rev-parse --show-toplevel [1ms]
2025-10-16 23:46:56.789 [info] fatal: not a git repository (or any of the parent directories): .git
2025-10-16 23:46:58.308 [info] > git rev-parse --show-toplevel [1ms]
2025-10-16 23:46:58.308 [info] fatal: not a git repository (or any of the parent directories): .git
2025-10-16 23:46:58.725 [info] > git rev-parse --show-toplevel [1ms]
2025-10-16 23:46:58.725 [info] fatal: not a git repository (or any of the parent directories): .git
2025-10-16 23:46:58.800 [info] > git rev-parse --show-toplevel [1ms]
2025-10-16 23:46:58.800 [info] fatal: not a git repository (or any of the parent directories): .git
2025-10-16 23:47:19.038 [info] > git rev-parse --show-toplevel [2ms]
2025-10-16 23:47:19.038 [info] fatal: not a git repository (or any of the parent directories): .git
2025-10-16 23:53:26.031 [info] > git rev-parse --show-toplevel [1ms]
2025-10-16 23:53:26.031 [info] fatal: not a git repository (or any of the parent directories): .git
