    OpenRGB v0.9
    Commit: b5f46e3f1de03595656c682fc2f068b66e735e63 from 2023-07-09 22:51:47 -0500
    Launched: 20251127_003804
====================================================================================================

1002  |Info:    ------------------------------------------------------
1002  |Info:    |               Start device detection               |
1002  |Info:    ------------------------------------------------------
1003  |Info:    Initializing HID interfaces: Success
1016  |Info:    ------------------------------------------------------
1016  |Info:    |             Detecting I2C interfaces               |
1016  |Info:    ------------------------------------------------------
1016  |Info:    Registering I2C interface: /dev/i2c-3 Device 1002:7480 Subsystem: 1043:05FB
1016  |Info:    Registering I2C interface: /dev/i2c-1 Device 1002:7480 Subsystem: 1043:05FB
1016  |Info:    Registering I2C interface: /dev/i2c-8 Device 1022:790B Subsystem: 1462:7C95
1016  |Warning: [i2c_smbus_linux] Failed to read i2c device PCI device ID
1016  |Info:    Registering I2C interface: /dev/i2c-6 Device 0000:0000 Subsystem: 0000:0000
1016  |Warning: [i2c_smbus_linux] Failed to read i2c device PCI device ID
1016  |Info:    Registering I2C interface: /dev/i2c-4 Device 0000:0000 Subsystem: 0000:0000
1017  |Info:    Registering I2C interface: /dev/i2c-2 Device 1002:7480 Subsystem: 1043:05FB
1017  |Info:    Registering I2C interface: /dev/i2c-0 Device 1002:7480 Subsystem: 1043:05FB
1017  |Info:    Registering I2C interface: /dev/i2c-9 Device 1022:790B Subsystem: 1462:7C95
1017  |Info:    Registering I2C interface: /dev/i2c-7 Device 1022:790B Subsystem: 1462:7C95
1017  |Warning: [i2c_smbus_linux] Failed to read i2c device PCI device ID
1017  |Info:    Registering I2C interface: /dev/i2c-5 Device 0000:0000 Subsystem: 0000:0000
1017  |Info:    ------------------------------------------------------
1017  |Info:    |               Detecting I2C devices                |
1017  |Info:    ------------------------------------------------------
1774  |Info:    [Corsair Vengeance Pro RGB] Registering RGB controller
1786  |Info:    [Corsair Vengeance Pro RGB] Registering RGB controller
2034  |Info:    ------------------------------------------------------
2034  |Info:    |               Detecting I2C PCI devices            |
2034  |Info:    ------------------------------------------------------
2034  |Info:    ------------------------------------------------------
2034  |Info:    |               Detecting HID devices                |
2034  |Info:    ------------------------------------------------------
2107  |Info:    [MSI B550M PRO-VDH WIFI (MS-7C95)] Registering RGB controller
2107  |Info:    ------------------------------------------------------
2107  |Info:    |            Detecting libusb HID devices            |
2107  |Info:    ------------------------------------------------------
2140  |Info:    ------------------------------------------------------
2140  |Info:    |              Detecting other devices               |
2140  |Info:    ------------------------------------------------------
2148  |Info:    ------------------------------------------------------
2148  |Info:    |                Detection completed                 |
2148  |Info:    ------------------------------------------------------
