2025-10-17 00:23:27.254 [info] Extension host with pid 29628 started
2025-10-17 00:23:27.254 [info] Skipping acquiring lock for /home/Pigatronee/.config/Code - OSS/User/workspaceStorage/394c4a0b7c3e28532e8ed84952cc4121.
2025-10-17 00:23:27.347 [info] ExtensionService#_doActivateExtension vscode.emmet, startup: false, activationEvent: 'onLanguage'
2025-10-17 00:23:27.365 [info] ExtensionService#_doActivateExtension vscode.configuration-editing, startup: false, activationEvent: 'onLanguage:jsonc'
2025-10-17 00:23:27.372 [info] ExtensionService#_doActivateExtension vscode.json-language-features, startup: false, activationEvent: 'onLanguage:jsonc'
2025-10-17 00:23:27.427 [info] ExtensionService#_doActivateExtension vscode.typescript-language-features, startup: false, activationEvent: 'onLanguage:jsonc'
2025-10-17 00:23:27.669 [info] ExtensionService#_doActivateExtension vscode.git-base, startup: true, activationEvent: '*', root cause: vscode.git
2025-10-17 00:23:27.674 [info] ExtensionService#_doActivateExtension vscode.git, startup: true, activationEvent: '*'
2025-10-17 00:23:27.711 [info] ExtensionService#_doActivateExtension vscode.github, startup: true, activationEvent: '*'
2025-10-17 00:23:27.787 [info] Eager extensions activated
2025-10-17 00:23:27.788 [info] ExtensionService#_doActivateExtension vscode.debug-auto-launch, startup: false, activationEvent: 'onStartupFinished'
2025-10-17 00:23:27.789 [info] ExtensionService#_doActivateExtension vscode.merge-conflict, startup: false, activationEvent: 'onStartupFinished'
2025-10-17 00:25:58.064 [info] ExtensionService#_doActivateExtension vscode.css-language-features, startup: false, activationEvent: 'onLanguage:css'
2025-10-17 00:30:45.707 [info] Extension host terminating: renderer closed the MessagePort
2025-10-17 00:30:45.714 [info] Extension host with pid 29628 exiting with code 0
2025-10-17 00:30:46.614 [info] Extension host with pid 32053 started
2025-10-17 00:30:46.614 [info] Skipping acquiring lock for /home/Pigatronee/.config/Code - OSS/User/workspaceStorage/1177d222f66153c60f2fe967e774219b.
2025-10-17 00:30:46.685 [info] ExtensionService#_doActivateExtension vscode.emmet, startup: false, activationEvent: 'onLanguage'
2025-10-17 00:30:46.714 [info] ExtensionService#_doActivateExtension vscode.git-base, startup: true, activationEvent: '*', root cause: vscode.git
2025-10-17 00:30:46.716 [info] ExtensionService#_doActivateExtension vscode.git, startup: true, activationEvent: '*'
2025-10-17 00:30:46.761 [info] ExtensionService#_doActivateExtension vscode.github, startup: true, activationEvent: '*'
2025-10-17 00:30:46.845 [info] Eager extensions activated
2025-10-17 00:30:46.848 [info] ExtensionService#_doActivateExtension vscode.debug-auto-launch, startup: false, activationEvent: 'onStartupFinished'
2025-10-17 00:30:46.850 [info] ExtensionService#_doActivateExtension vscode.merge-conflict, startup: false, activationEvent: 'onStartupFinished'
2025-10-17 00:32:37.336 [info] ExtensionService#_doActivateExtension vscode.configuration-editing, startup: false, activationEvent: 'onLanguage:jsonc'
2025-10-17 00:32:37.344 [info] ExtensionService#_doActivateExtension vscode.json-language-features, startup: false, activationEvent: 'onLanguage:jsonc'
2025-10-17 00:32:37.392 [info] ExtensionService#_doActivateExtension vscode.typescript-language-features, startup: false, activationEvent: 'onLanguage:jsonc'
2025-10-17 00:35:12.797 [info] Extension host terminating: renderer closed the MessagePort
2025-10-17 00:35:12.803 [info] Extension host with pid 32053 exiting with code 0
