11/11/2025, 1:23:28 AM UTC 0: 

----------------------------------------------
11/11/2025, 1:23:28 AM UTC 1: Discord starting: {"releaseChannel":"stable","version":"0.0.114"}, modulepath: /home/Pigatronee/.config/discord/0.0.114/modules
11/11/2025, 1:23:28 AM UTC 2: ✅ webContents.created web1 "index.html"
11/11/2025, 1:23:28 AM UTC 3: ✅ window.created win1 "discord"
11/11/2025, 1:23:28 AM UTC 4: ✅ webContents.did-finish-load web1
11/11/2025, 1:23:37 AM UTC 5: ✅ webContents.created web2 ""
11/11/2025, 1:23:37 AM UTC 6: ✅ window.created win2 "Discord"
11/11/2025, 1:23:38 AM UTC 7: ✅ webContents.did-finish-load web2
11/11/2025, 1:23:41 AM UTC 0: 

----------------------------------------------
11/11/2025, 1:23:41 AM UTC 1: Discord starting: {"releaseChannel":"stable","version":"0.0.114"}, modulepath: /home/Pigatronee/.config/discord/0.0.114/modules
11/11/2025, 1:23:41 AM UTC 8: window.close win1
11/11/2025, 1:23:41 AM UTC 9: webContents.destroyed web1
11/11/2025, 1:23:41 AM UTC 10: window.closed win1
11/11/2025, 1:23:53 AM UTC 11: window.close win2
11/11/2025, 2:25:25 AM UTC 0: 

----------------------------------------------
11/11/2025, 2:25:25 AM UTC 1: Discord starting: {"releaseChannel":"stable","version":"0.0.114"}, modulepath: /home/Pigatronee/.config/discord/0.0.114/modules
11/11/2025, 2:25:46 AM UTC 12: window.close win2
11/11/2025, 2:25:48 AM UTC 0: 

----------------------------------------------
11/11/2025, 2:29:05 AM UTC 13: window.close win2
11/11/2025, 2:29:54 AM UTC 0: 

----------------------------------------------
11/11/2025, 2:29:54 AM UTC 1: Discord starting: {"releaseChannel":"stable","version":"0.0.114"}, modulepath: /home/Pigatronee/.config/discord/0.0.114/modules
11/11/2025, 2:29:59 AM UTC 14: window.close win2
11/11/2025, 2:30:53 AM UTC 0: 

----------------------------------------------
11/11/2025, 2:33:00 AM UTC 15: window.close win2
11/11/2025, 3:00:24 AM UTC 16: before-quit
11/11/2025, 3:00:24 AM UTC 17: window.close win2
11/12/2025, 10:00:14 PM UTC 0: 

----------------------------------------------
11/12/2025, 10:00:14 PM UTC 1: Discord starting: {"releaseChannel":"stable","version":"0.0.114"}, modulepath: /home/Pigatronee/.config/discord/0.0.114/modules
11/12/2025, 10:00:14 PM UTC 2: ✅ webContents.created web1 ""
11/12/2025, 10:00:14 PM UTC 3: ✅ window.created win1 "discord"
11/12/2025, 10:00:14 PM UTC 4: ✅ webContents.did-finish-load web1
11/12/2025, 10:00:15 PM UTC 5: ✅ webContents.created web2 ""
11/12/2025, 10:00:15 PM UTC 6: ✅ window.created win2 "Discord"
11/12/2025, 10:00:16 PM UTC 7: ✅ webContents.did-finish-load web2
11/12/2025, 10:00:17 PM UTC 8: window.close win1
11/12/2025, 10:00:17 PM UTC 9: webContents.destroyed web1
11/12/2025, 10:00:17 PM UTC 10: window.closed win1
11/12/2025, 10:01:41 PM UTC 11: window.close win2
11/12/2025, 10:03:10 PM UTC 0: 

----------------------------------------------
11/12/2025, 10:03:10 PM UTC 1: Discord starting: {"releaseChannel":"stable","version":"0.0.114"}, modulepath: /home/Pigatronee/.config/discord/0.0.114/modules
11/12/2025, 10:04:53 PM UTC 12: window.close win2
11/12/2025, 10:09:00 PM UTC 0: 

----------------------------------------------
11/12/2025, 10:09:10 PM UTC 0: 

----------------------------------------------
11/12/2025, 10:09:10 PM UTC 1: Discord starting: {"releaseChannel":"stable","version":"0.0.114"}, modulepath: /home/Pigatronee/.config/discord/0.0.114/modules
11/12/2025, 10:12:12 PM UTC 13: window.close win2
11/12/2025, 10:45:51 PM UTC 0: 

----------------------------------------------
11/12/2025, 10:47:55 PM UTC 14: window.close win2
