[2025-Nov-01 18:11:06.107 +00:00][67328:67328][info ] Logging initialized
[2025-Nov-01 18:11:06.107 +00:00][67328:67328][info ] Initializing krisp SDK...
[2025-Nov-01 18:11:06.107 +00:00][67328:67328][info ] DoKrispInitialize
[2025-Nov-01 18:11:06.480 +00:00][67328:67328][info ] LoadDynamicKrisp
[2025-Nov-01 18:11:06.480 +00:00][67328:67328][info ] Did not find KRISP_DYLIB_PATH, skipping dynamic loading
[2025-Nov-01 18:11:06.480 +00:00][67328:67328][info ] Initializing Krisp SDK in PID 67328, addr 0x7fc42ee4cf90
[2025-Nov-01 18:11:06.480 +00:00][67328:67328][info ] Initialized Krisp SDK successfully
[2025-Nov-01 18:11:06.480 +00:00][67328:67328][info ] Krisp SDK initialized
[2025-Nov-01 18:20:11.717 +00:00][67328:67599][info ] KrispNCSetup: sampleRate = 48000, duration = 10
[2025-Nov-01 18:20:11.717 +00:00][67328:67599][info ] Setting Krisp model: full_NC
[2025-Nov-01 18:20:11.748 +00:00][67328:67599][info ] KrispVADSetup: sampleRate = 48000, duration = 10
[2025-Nov-07 00:08:22.668 +00:00][ 5771: 5771][info ] Logging initialized
[2025-Nov-07 00:08:22.668 +00:00][ 5771: 5771][info ] Initializing krisp SDK...
[2025-Nov-07 00:08:22.668 +00:00][ 5771: 5771][info ] DoKrispInitialize
[2025-Nov-07 00:08:23.046 +00:00][ 5771: 5771][info ] LoadDynamicKrisp
[2025-Nov-07 00:08:23.046 +00:00][ 5771: 5771][info ] Did not find KRISP_DYLIB_PATH, skipping dynamic loading
[2025-Nov-07 00:08:23.046 +00:00][ 5771: 5771][info ] Initializing Krisp SDK in PID 5771, addr 0x7f017003cf90
[2025-Nov-07 00:08:23.048 +00:00][ 5771: 5771][info ] Initialized Krisp SDK successfully
[2025-Nov-07 00:08:23.048 +00:00][ 5771: 5771][info ] Krisp SDK initialized
[2025-Nov-07 00:08:29.152 +00:00][ 5771: 6026][info ] KrispNCSetup: sampleRate = 48000, duration = 10
[2025-Nov-07 00:08:29.152 +00:00][ 5771: 6026][info ] Setting Krisp model: full_NC
[2025-Nov-07 00:08:29.202 +00:00][ 5771: 6026][info ] KrispVADSetup: sampleRate = 48000, duration = 10
