12/3/2025, 9:25:28 PM UTC 0: 

----------------------------------------------
12/3/2025, 9:25:28 PM UTC 1: Discord starting: {"releaseChannel":"stable","version":"0.0.117"}, modulepath: /home/Pigatronee/.config/discord/0.0.117/modules
12/3/2025, 9:25:28 PM UTC 2: ✅ webContents.created web1 "index.html"
12/3/2025, 9:25:28 PM UTC 3: ✅ window.created win1 "discord"
12/3/2025, 9:25:28 PM UTC 4: ✅ webContents.did-finish-load web1
12/3/2025, 9:25:35 PM UTC 5: ✅ webContents.created web2 ""
12/3/2025, 9:25:35 PM UTC 6: ✅ window.created win2 "Discord"
12/3/2025, 9:25:36 PM UTC 7: ✅ webContents.did-finish-load web2
12/3/2025, 9:25:37 PM UTC 8: window.close win1
12/3/2025, 9:25:37 PM UTC 9: webContents.destroyed web1
12/3/2025, 9:25:37 PM UTC 10: window.closed win1
12/3/2025, 10:58:53 PM UTC 11: window.close win2
12/4/2025, 1:24:57 AM UTC 12: before-quit
12/4/2025, 5:25:28 PM UTC 0: 

----------------------------------------------
12/4/2025, 5:25:28 PM UTC 1: Discord starting: {"releaseChannel":"stable","version":"0.0.117"}, modulepath: /home/Pigatronee/.config/discord/0.0.117/modules
12/4/2025, 5:25:28 PM UTC 2: ✅ webContents.created web1 "index.html"
12/4/2025, 5:25:28 PM UTC 3: ✅ window.created win1 "discord"
12/4/2025, 5:25:28 PM UTC 4: ✅ webContents.did-finish-load web1
12/4/2025, 5:25:28 PM UTC 5: ✅ webContents.created web2 ""
12/4/2025, 5:25:28 PM UTC 6: ✅ window.created win2 "Discord"
12/4/2025, 5:25:29 PM UTC 7: ✅ webContents.did-finish-load web2
12/4/2025, 5:25:30 PM UTC 8: window.close win1
12/4/2025, 5:25:30 PM UTC 9: webContents.destroyed web1
12/4/2025, 5:25:30 PM UTC 10: window.closed win1
12/4/2025, 8:30:14 PM UTC 11: window.close win2
12/4/2025, 8:57:12 PM UTC 0: 

----------------------------------------------
12/4/2025, 10:27:14 PM UTC 12: window.close win2
12/5/2025, 12:12:16 AM UTC 0: 

----------------------------------------------
12/5/2025, 12:12:25 AM UTC 13: window.close win2
