2025-10-29T16:40:37.618Z - info: [ui] [AppStore] loading 2 repositories from store
2025-10-29T16:40:37.620Z - info: [ui] [AppStore] found account: Pigatronee (PigObsessedGameDev)
2025-10-29T16:40:37.947Z - info: [ui] launching: 3.4.13-linux1 (Linux 6.17.3-arch2-1)
2025-10-29T16:40:37.947Z - info: [ui] execPath: '/opt/github-desktop/github-desktop'
2025-10-29T16:40:38.272Z - info: [ui] Subscribed 'Pigatronee' to Alive channel
2025-10-29T16:40:38.364Z - info: [ui] Stats reported.
2025-10-29T16:40:42.467Z - info: [ui] Executing getStatus: git --no-optional-locks status --untracked-files=all --branch --porcelain=2 -z (took 2.294s)
2025-10-29T16:40:42.468Z - info: [ui] Executing getStatus: git --no-optional-locks status --untracked-files=all --branch --porcelain=2 -z (took 2.274s)
2025-10-29T23:52:15.832Z - info: [ui] [AppStore] loading 2 repositories from store
2025-10-29T23:52:15.834Z - info: [ui] [AppStore] found account: Pigatronee (PigObsessedGameDev)
2025-10-29T23:52:15.857Z - info: [ui] [BranchPruner] Last prune took place 7 hours ago - skipping
2025-10-29T23:52:15.960Z - info: [ui] launching: 3.4.13-linux1 (Linux 6.17.3-arch2-1)
2025-10-29T23:52:15.960Z - info: [ui] execPath: '/opt/github-desktop/github-desktop'
2025-10-29T23:52:16.229Z - info: [ui] Subscribed 'Pigatronee' to Alive channel
2025-10-29T23:52:17.122Z - info: [ui] Executing getStatus: git --no-optional-locks status --untracked-files=all --branch --porcelain=2 -z (took 1.260s)
2025-10-29T23:52:17.193Z - info: [ui] Executing getStatus: git --no-optional-locks status --untracked-files=all --branch --porcelain=2 -z (took 1.238s)
2025-10-29T23:52:17.637Z - info: [ui] Executing getStatus: git --no-optional-locks status --untracked-files=all --branch --porcelain=2 -z (took 1.189s)
2025-10-29T23:52:22.908Z - info: [ui] Executing unstageAll: git reset -- . (took 1.122s)
2025-10-29T23:52:23.958Z - info: [ui] Executing updateIndex: git update-index --add --remove --replace -z --stdin (took 1.050s)
2025-10-29T23:52:24.122Z - info: [ui] [Timing] Action 'create commit' for 'Pigatronee/PigaDotfiles' took 2.363s
2025-10-29T23:52:26.146Z - info: [ui] credential-helper: found GitHub credential for https://github.com/ in store
2025-10-29T23:52:39.663Z - info: [ui] Executing push: git push origin main:main --progress (took 13.710s)
2025-10-29T23:52:39.847Z - info: [ui] credential-helper: found GitHub credential for https://github.com/ in store
2025-10-29T23:52:40.309Z - info: [ui] credential-helper: found GitHub credential for https://github.com/ in store
2025-10-29T23:53:32.945Z - info: [ui] [AppStore] loading 2 repositories from store
2025-10-29T23:53:32.947Z - info: [ui] [AppStore] found account: Pigatronee (PigObsessedGameDev)
2025-10-29T23:53:32.969Z - info: [ui] [BranchPruner] Last prune took place 7 hours ago - skipping
2025-10-29T23:53:33.170Z - info: [ui] launching: 3.4.13-linux1 (Linux 6.17.3-arch2-1)
2025-10-29T23:53:33.170Z - info: [ui] execPath: '/opt/github-desktop/github-desktop'
2025-10-29T23:53:33.324Z - info: [ui] Subscribed 'Pigatronee' to Alive channel
