2025-11-20T22:22:26.280Z - info: [ui] [AppStore] loading 5 repositories from store
2025-11-20T22:22:26.282Z - info: [ui] [AppStore] found account: Pigatronee (PigObsessedGameDev)
2025-11-20T22:22:26.304Z - info: [ui] [BranchPruner] Last prune took place 23 hours ago - skipping
2025-11-20T22:22:26.583Z - info: [ui] launching: 3.4.13-linux1 (Linux 6.17.3-arch2-1)
2025-11-20T22:22:26.583Z - info: [ui] execPath: '/opt/github-desktop/github-desktop'
2025-11-20T22:22:26.670Z - info: [ui] Subscribed 'Pigatronee' to Alive channel
2025-11-20T22:22:33.592Z - info: [ui] [Timing] Action 'create commit' for 'Pigatronee/Knight-game-improved' took 0.054s
2025-11-20T22:22:34.519Z - info: [ui] credential-helper: found GitHub credential for https://github.com/ in store
2025-11-20T22:22:35.598Z - info: [ui] credential-helper: found GitHub credential for https://github.com/ in store
2025-11-20T22:22:36.019Z - info: [ui] credential-helper: found GitHub credential for https://github.com/ in store
2025-11-20T22:28:09.455Z - info: [ui] [AppStore] loading 5 repositories from store
2025-11-20T22:28:09.458Z - info: [ui] [AppStore] found account: Pigatronee (PigObsessedGameDev)
2025-11-20T22:28:09.479Z - info: [ui] [BranchPruner] Last prune took place 23 hours ago - skipping
2025-11-20T22:28:09.769Z - info: [ui] launching: 3.4.13-linux1 (Linux 6.17.3-arch2-1)
2025-11-20T22:28:09.770Z - info: [ui] execPath: '/opt/github-desktop/github-desktop'
2025-11-20T22:28:09.833Z - info: [ui] Subscribed 'Pigatronee' to Alive channel
2025-11-20T22:28:10.081Z - info: [ui] Stats reported.
2025-11-20T22:28:22.577Z - info: [ui] [Timing] Action 'create commit' for 'Pigatronee/Knight-game-improved' took 0.057s
2025-11-20T22:28:23.561Z - info: [ui] credential-helper: found GitHub credential for https://github.com/ in store
2025-11-20T22:28:24.161Z - info: [ui] credential-helper: found GitHub credential for https://github.com/ in store
2025-11-20T22:28:24.584Z - info: [ui] credential-helper: found GitHub credential for https://github.com/ in store
