2025-11-13T00:00:00.087Z - info: [ui] credential-helper: found GitHub credential for https://github.com/ in store
2025-11-13T00:00:00.516Z - info: [ui] credential-helper: found GitHub credential for https://github.com/ in store
2025-11-13T00:01:05.503Z - info: [ui] [BranchPruner] No branches to prune.
2025-11-13T00:01:05.524Z - info: [ui] credential-helper: found GitHub credential for https://github.com/ in store
2025-11-13T00:01:05.966Z - info: [ui] credential-helper: found GitHub credential for https://github.com/ in store
2025-11-13T00:01:07.411Z - info: [ui] credential-helper: found GitHub credential for https://github.com/ in store
2025-11-13T00:01:07.842Z - info: [ui] credential-helper: found GitHub credential for https://github.com/ in store
2025-11-13T00:01:12.990Z - info: [ui] [Timing] Action 'create commit' for 'Pigatronee/PigaOs' took 0.086s
2025-11-13T00:01:13.563Z - info: [ui] credential-helper: found GitHub credential for https://github.com/ in store
2025-11-13T00:01:14.200Z - info: [ui] credential-helper: found GitHub credential for https://github.com/ in store
2025-11-13T00:01:14.629Z - info: [ui] credential-helper: found GitHub credential for https://github.com/ in store
2025-11-13T00:01:16.376Z - info: [ui] [BranchPruner] No branches to prune.
2025-11-13T00:01:16.431Z - info: [ui] credential-helper: found GitHub credential for https://github.com/ in store
2025-11-13T00:01:16.867Z - info: [ui] credential-helper: found GitHub credential for https://github.com/ in store
2025-11-13T00:01:18.307Z - info: [ui] [Timing] Action 'create commit' for 'Pigatronee/PigaVCS' took 0.049s
2025-11-13T00:01:18.980Z - info: [ui] credential-helper: found GitHub credential for https://github.com/ in store
2025-11-13T00:01:19.549Z - info: [ui] credential-helper: found GitHub credential for https://github.com/ in store
2025-11-13T00:01:19.986Z - info: [ui] credential-helper: found GitHub credential for https://github.com/ in store
2025-11-13T02:21:06.836Z - info: [ui] [AppStore] loading 5 repositories from store
2025-11-13T02:21:06.840Z - info: [ui] [AppStore] found account: Pigatronee (PigObsessedGameDev)
2025-11-13T02:21:06.863Z - info: [ui] [BranchPruner] Last prune took place 2 hours ago - skipping
2025-11-13T02:21:07.108Z - info: [ui] launching: 3.4.13-linux1 (Linux 6.17.3-arch2-1)
2025-11-13T02:21:07.108Z - info: [ui] execPath: '/opt/github-desktop/github-desktop'
2025-11-13T02:21:07.306Z - info: [ui] [BranchPruner] Last prune took place 2 hours ago - skipping
2025-11-13T02:21:07.380Z - info: [ui] Subscribed 'Pigatronee' to Alive channel
2025-11-13T02:21:11.986Z - info: [ui] [BranchPruner] Last prune took place 2 hours ago - skipping
2025-11-13T02:22:14.185Z - info: [ui] credential-helper: found GitHub credential for https://github.com/ in store
2025-11-13T02:22:14.916Z - info: [ui] credential-helper: found GitHub credential for https://github.com/ in store
2025-11-13T02:22:15.836Z - info: [ui] [RepositoryIndicatorUpdater]: Refreshing sidebar indicators for 4 repositories took 2.7s of which 0.0s paused, total 2.7s
2025-11-13T02:22:50.710Z - info: [ui] [Timing] Action 'create commit' for 'Pigatronee/PigaDotfiles' took 0.554s
2025-11-13T02:22:50.730Z - error: [ui] Could not load new contents for syntax highlighting
Error: EISDIR: illegal operation on a directory, read
2025-11-13T02:22:51.488Z - info: [ui] credential-helper: found GitHub credential for https://github.com/ in store
2025-11-13T02:22:59.363Z - info: [ui] Executing push: git push origin main:main --progress (took 8.110s)
2025-11-13T02:22:59.604Z - info: [ui] credential-helper: found GitHub credential for https://github.com/ in store
2025-11-13T02:23:00.169Z - info: [ui] credential-helper: found GitHub credential for https://github.com/ in store
2025-11-13T02:23:03.382Z - error: [ui] `git commit -F -` exited with an unexpected code: 1.
On branch main
Your branch is up to date with 'origin/main'.

Untracked files:
  (use "git add <file>..." to include in what will be committed)
	my_configs/.config/eww/music-widget/eww-music-widget/

nothing added to commit but untracked files present (use "git add" to track)

2025-11-13T02:23:03.382Z - info: [ui] [Timing] Action 'create commit' for 'Pigatronee/PigaDotfiles' took 0.051s
2025-11-13T02:23:32.713Z - error: [ui] `git commit -F -` exited with an unexpected code: 1.
On branch main
Your branch is up to date with 'origin/main'.

Untracked files:
  (use "git add <file>..." to include in what will be committed)
	my_configs/.config/eww/music-widget/eww-music-widget/

nothing added to commit but untracked files present (use "git add" to track)

2025-11-13T02:23:32.713Z - info: [ui] [Timing] Action 'create commit' for 'Pigatronee/PigaDotfiles' took 0.051s
2025-11-13T02:23:45.450Z - info: [ui] [Timing] Action 'create commit' for 'Pigatronee/PigaDotfiles' took 0.100s
2025-11-13T02:23:46.746Z - info: [ui] credential-helper: found GitHub credential for https://github.com/ in store
2025-11-13T02:23:47.513Z - info: [ui] credential-helper: found GitHub credential for https://github.com/ in store
2025-11-13T02:23:48.080Z - info: [ui] credential-helper: found GitHub credential for https://github.com/ in store
2025-11-13T02:24:06.617Z - info: [ui] No submodules found. Skipping "git submodule status"
2025-11-13T02:24:08.323Z - info: [ui] credential-helper: found GitHub credential for https://github.com/ in store
2025-11-13T02:24:08.872Z - info: [ui] credential-helper: found GitHub credential for https://github.com/ in store
2025-11-13T14:05:51.830Z - info: [ui] [AppStore] loading 5 repositories from store
2025-11-13T14:05:51.833Z - info: [ui] [AppStore] found account: Pigatronee (PigObsessedGameDev)
2025-11-13T14:05:51.855Z - info: [ui] [BranchPruner] Last prune took place 14 hours ago - skipping
2025-11-13T14:05:52.088Z - info: [ui] launching: 3.4.13-linux1 (Linux 6.17.3-arch2-1)
2025-11-13T14:05:52.088Z - info: [ui] execPath: '/opt/github-desktop/github-desktop'
2025-11-13T14:05:52.225Z - info: [ui] Subscribed 'Pigatronee' to Alive channel
2025-11-13T14:05:55.613Z - info: [ui] [BranchPruner] Last prune took place 14 hours ago - skipping
2025-11-13T14:05:55.781Z - info: [ui] credential-helper: found GitHub credential for https://github.com/ in store
2025-11-13T14:05:56.221Z - info: [ui] credential-helper: found GitHub credential for https://github.com/ in store
2025-11-13T14:05:59.739Z - info: [ui] [RepositoryIndicatorUpdater]: Refreshing sidebar indicators for 4 repositories took 1.3s of which 0.0s paused, total 1.3s
