2025-10-17T00:08:05.385Z - info: [ui] [AppStore] loading 0 repositories from store
2025-10-17T00:08:05.405Z - info: [ui] [Welcome] no sign in step found. ignoring...
2025-10-17T00:08:05.426Z - info: [ui] [Welcome] no sign in step found. ignoring...
2025-10-17T00:08:05.429Z - info: [ui] launching: 3.4.13-linux1 (Linux 6.17.2-arch1-1)
2025-10-17T00:08:05.429Z - info: [ui] execPath: '/opt/github-desktop/github-desktop'
2025-10-17T00:08:05.440Z - info: [ui] [Welcome] no sign in step found. ignoring...
2025-10-17T00:08:05.666Z - info: [ui] Opt in reported.
2025-10-17T00:08:05.720Z - info: [ui] [Welcome] no sign in step found. ignoring...
2025-10-17T00:08:06.984Z - info: [ui] [Welcome] no sign in step found. ignoring...
2025-10-17T00:08:07.621Z - info: [ui] [Welcome] no sign in step found. ignoring...
2025-10-17T00:08:08.268Z - info: [ui] [Welcome] advancing to step: SignInToDotComWithBrowser
2025-10-17T00:08:08.268Z - info: [ui] [SignInStore] initializing OAuth flow
2025-10-17T00:08:08.270Z - info: [main] opening in browser: https://github.com/login/oauth/authorize?client_id=3a723b10ac5575cc5bb9&scope=repo%20user%20workflow&state=def7dde1-5123-4576-8b84-ffd1c50b6baf
2025-10-17T00:08:08.271Z - info: [ui] [Welcome] current sign in state not found. ignoring...
2025-10-17T00:08:09.221Z - info: [ui] [Welcome] kind Authentication is the same as Authentication. ignoring...
2025-10-17T00:08:12.968Z - info: [main] Received possible protocol arguments: 3
2025-10-17T00:08:12.968Z - info: [main] Processing protocol url
2025-10-17T00:08:12.969Z - info: [ui] [Welcome] kind Authentication is the same as Authentication. ignoring...
2025-10-17T00:08:13.034Z - info: [main] Received possible protocol arguments: 2
2025-10-17T00:08:13.037Z - info: [main] Processing protocol url
2025-10-17T00:08:13.658Z - info: [ui] [SignInStore] account resolved
2025-10-17T00:08:13.658Z - info: [ui] [AppStore] adding account Pigatronee (PigObsessedGameDev) to store
2025-10-17T00:08:13.658Z - info: [ui] [Welcome] advancing to step: ConfigureGit
2025-10-17T00:08:13.685Z - info: [ui] [Welcome] no sign in step found. ignoring...
2025-10-17T00:08:14.083Z - info: [ui] [Welcome] no sign in step found. ignoring...
2025-10-17T00:08:14.135Z - info: [ui] Subscribed 'Pigatronee' to Alive channel
2025-10-17T00:08:14.441Z - info: [ui] [Welcome] no sign in step found. ignoring...
2025-10-17T00:08:38.057Z - error: [ui] `git -c init.defaultBranch=main clone --recursive --progress -- https://github.com/Pigatronee/PigaDotfiles.git /home/Pigatronee/Documents/github/PigaDotfiles` exited with an unexpected code: 128.
fatal: could not create work tree dir '/home/Pigatronee/Documents/github/PigaDotfiles': Permission denied

(The error was parsed as 22: Permission denied.)
2025-10-17T00:08:41.828Z - error: [ui] `git -c init.defaultBranch=main clone --recursive --progress -- https://github.com/Pigatronee/PigaDotfiles.git /home/Pigatronee/Documents/github/PigaDotfiles` exited with an unexpected code: 128.
fatal: could not create work tree dir '/home/Pigatronee/Documents/github/PigaDotfiles': Permission denied

(The error was parsed as 22: Permission denied.)
2025-10-17T00:08:42.657Z - error: [ui] `git -c init.defaultBranch=main clone --recursive --progress -- https://github.com/Pigatronee/PigaDotfiles.git /home/Pigatronee/Documents/github/PigaDotfiles` exited with an unexpected code: 128.
fatal: could not create work tree dir '/home/Pigatronee/Documents/github/PigaDotfiles': Permission denied

(The error was parsed as 22: Permission denied.)
2025-10-17T00:08:44.142Z - error: [ui] `git -c init.defaultBranch=main clone --recursive --progress -- https://github.com/Pigatronee/PigaDotfiles.git /home/Pigatronee/Documents/github/PigaDotfiles` exited with an unexpected code: 128.
fatal: could not create work tree dir '/home/Pigatronee/Documents/github/PigaDotfiles': Permission denied

(The error was parsed as 22: Permission denied.)
2025-10-17T00:09:13.827Z - error: [ui] `git -c init.defaultBranch=main clone --recursive --progress -- https://github.com/Pigatronee/PigaDotfiles.git /home/Pigatronee/Documents/github/PigaDotfiles` exited with an unexpected code: 128.
fatal: could not create work tree dir '/home/Pigatronee/Documents/github/PigaDotfiles': Permission denied

(The error was parsed as 22: Permission denied.)
2025-10-17T00:09:15.043Z - error: [ui] `git -c init.defaultBranch=main clone --recursive --progress -- https://github.com/Pigatronee/PigaDotfiles.git /home/Pigatronee/Documents/github/PigaDotfiles` exited with an unexpected code: 128.
fatal: could not create work tree dir '/home/Pigatronee/Documents/github/PigaDotfiles': Permission denied

(The error was parsed as 22: Permission denied.)
2025-10-17T00:09:21.419Z - error: [ui] `git -c init.defaultBranch=main clone --recursive --progress -- https://github.com/Pigatronee/PigaDotfiles.git /home/Pigatronee/Documents/github/PigaDotfiles` exited with an unexpected code: 128.
fatal: could not create work tree dir '/home/Pigatronee/Documents/github/PigaDotfiles': Permission denied

(The error was parsed as 22: Permission denied.)
2025-10-17T00:09:57.634Z - error: [ui] `git -c init.defaultBranch=main clone --recursive --progress -- https://github.com/Pigatronee/PigaDotfiles.git /home/Pigatronee/Documents/github/PigaDotfiles` exited with an unexpected code: 128.
fatal: could not create work tree dir '/home/Pigatronee/Documents/github/PigaDotfiles': Permission denied

(The error was parsed as 22: Permission denied.)
2025-10-17T00:09:58.362Z - error: [ui] `git -c init.defaultBranch=main clone --recursive --progress -- https://github.com/Pigatronee/PigaDotfiles.git /home/Pigatronee/Documents/github/PigaDotfiles` exited with an unexpected code: 128.
fatal: could not create work tree dir '/home/Pigatronee/Documents/github/PigaDotfiles': Permission denied

(The error was parsed as 22: Permission denied.)
2025-10-17T00:09:59.023Z - error: [ui] `git -c init.defaultBranch=main clone --recursive --progress -- https://github.com/Pigatronee/PigaDotfiles.git /home/Pigatronee/Documents/github/PigaDotfiles` exited with an unexpected code: 128.
fatal: could not create work tree dir '/home/Pigatronee/Documents/github/PigaDotfiles': Permission denied

(The error was parsed as 22: Permission denied.)
2025-10-17T00:13:05.439Z - info: [ui] credential-helper: found GitHub credential for https://github.com/ in store
2025-10-17T00:13:05.882Z - info: [ui] [AppStore] adding repository at /home/Pigatronee/Documents/github/PigaDotfiles to store
2025-10-17T00:16:57.129Z - info: [ui] [Timing] Action 'create commit' for 'Pigatronee/PigaDotfiles' took 0.046s
2025-10-17T00:18:28.420Z - info: [ui] credential-helper: found GitHub credential for https://github.com/ in store
2025-10-17T00:18:28.900Z - info: [ui] credential-helper: found GitHub credential for https://github.com/ in store
2025-10-17T00:18:48.299Z - info: [ui] credential-helper: found GitHub credential for https://github.com/ in store
2025-10-17T00:18:48.910Z - info: [ui] credential-helper: found GitHub credential for https://github.com/ in store
2025-10-17T00:18:49.385Z - info: [ui] credential-helper: found GitHub credential for https://github.com/ in store
2025-10-17T00:19:04.477Z - info: [ui] credential-helper: found GitHub credential for https://github.com/ in store
2025-10-17T00:19:04.943Z - info: [ui] credential-helper: found GitHub credential for https://github.com/ in store
2025-10-17T00:22:47.673Z - info: [ui] [Timing] Action 'create commit' for 'Pigatronee/PigaDotfiles' took 0.591s
2025-10-17T00:22:48.314Z - info: [ui] credential-helper: found GitHub credential for https://github.com/ in store
2025-10-17T00:22:52.772Z - info: [ui] Executing push: git push origin main:main --progress (took 4.642s)
2025-10-17T00:22:52.956Z - info: [ui] credential-helper: found GitHub credential for https://github.com/ in store
2025-10-17T00:22:53.423Z - info: [ui] credential-helper: found GitHub credential for https://github.com/ in store
2025-10-17T00:30:51.555Z - info: [ui] [RepositoryIndicatorUpdater]: Refreshing sidebar indicators for 1 repositories took 0.3s of which 294.1s paused, total 294.4s
2025-10-17T00:46:41.369Z - info: [ui] [RepositoryIndicatorUpdater]: Refreshing sidebar indicators for 1 repositories took 0.3s of which 0.0s paused, total 0.3s
2025-10-17T01:06:31.605Z - info: [ui] [AppStore] loading 1 repositories from store
2025-10-17T01:06:31.608Z - info: [ui] [AppStore] found account: Pigatronee (PigObsessedGameDev)
2025-10-17T01:06:31.630Z - info: [ui] [BranchPruner] Last prune took place 1 hour ago - skipping
2025-10-17T01:06:31.834Z - info: [ui] launching: 3.4.13-linux1 (Linux 6.17.2-arch1-1)
2025-10-17T01:06:31.834Z - info: [ui] execPath: '/opt/github-desktop/github-desktop'
2025-10-17T01:06:32.020Z - info: [ui] Subscribed 'Pigatronee' to Alive channel
2025-10-17T01:06:32.271Z - info: [ui] Stats reported.
2025-10-17T01:06:57.772Z - info: [ui] credential-helper: found GitHub credential for https://github.com/ in store
2025-10-17T01:06:58.323Z - info: [ui] credential-helper: found GitHub credential for https://github.com/ in store
2025-10-17T01:07:17.129Z - info: [ui] [AppStore] loading 1 repositories from store
2025-10-17T01:07:17.131Z - info: [ui] [AppStore] found account: Pigatronee (PigObsessedGameDev)
2025-10-17T01:07:17.158Z - info: [ui] [BranchPruner] Last prune took place 1 hour ago - skipping
2025-10-17T01:07:17.159Z - info: [ui] Subscribed 'Pigatronee' to Alive channel
2025-10-17T01:07:17.399Z - info: [ui] launching: 3.4.13-linux1 (Linux 6.17.2-arch1-1)
2025-10-17T01:07:17.400Z - info: [ui] execPath: '/opt/github-desktop/github-desktop'
2025-10-17T01:07:19.477Z - info: [ui] credential-helper: found GitHub credential for https://github.com/ in store
2025-10-17T01:07:19.965Z - info: [ui] credential-helper: found GitHub credential for https://github.com/ in store
