2025-11-16T13:49:37.272Z - info: [ui] [AppStore] loading 5 repositories from store
2025-11-16T13:49:37.274Z - info: [ui] [AppStore] found account: Pigatronee (PigObsessedGameDev)
2025-11-16T13:49:37.420Z - info: [ui] launching: 3.4.13-linux1 (Linux 6.17.3-arch2-1)
2025-11-16T13:49:37.420Z - info: [ui] execPath: '/opt/github-desktop/github-desktop'
2025-11-16T13:49:37.757Z - info: [ui] Subscribed 'Pigatronee' to Alive channel
2025-11-16T13:49:37.948Z - info: [ui] Stats reported.
2025-11-16T13:49:38.481Z - info: [ui] Executing getStatus: git --no-optional-locks status --untracked-files=all --branch --porcelain=2 -z (took 1.189s)
2025-11-16T13:49:38.572Z - info: [ui] Executing getStatus: git --no-optional-locks status --untracked-files=all --branch --porcelain=2 -z (took 1.202s)
2025-11-16T13:49:41.058Z - info: [ui] Executing getStatus: git --no-optional-locks status --untracked-files=all --branch --porcelain=2 -z (took 1.173s)
2025-11-16T13:49:49.843Z - info: [ui] credential-helper: found GitHub credential for https://github.com/ in store
2025-11-16T13:49:50.387Z - info: [ui] credential-helper: found GitHub credential for https://github.com/ in store
2025-11-16T13:49:50.803Z - info: [ui] Executing unstageAll: git reset -- . (took 1.169s)
2025-11-16T13:49:51.722Z - info: [ui] credential-helper: found GitHub credential for https://github.com/ in store
2025-11-16T13:49:52.270Z - info: [ui] credential-helper: found GitHub credential for https://github.com/ in store
2025-11-16T13:49:53.513Z - info: [ui] Executing updateIndex: git update-index --add --remove --replace -z --stdin (took 2.710s)
2025-11-16T13:49:53.880Z - info: [ui] [Timing] Action 'create commit' for 'Pigatronee/PigaDotfiles' took 4.301s
2025-11-16T13:49:55.842Z - info: [ui] credential-helper: found GitHub credential for https://github.com/ in store
2025-11-16T13:50:35.166Z - info: [ui] Executing push: git push origin main:main --progress (took 39.551s)
2025-11-16T13:50:35.405Z - info: [ui] credential-helper: found GitHub credential for https://github.com/ in store
2025-11-16T13:50:35.950Z - info: [ui] credential-helper: found GitHub credential for https://github.com/ in store
2025-11-16T13:51:42.379Z - info: [ui] [RepositoryIndicatorUpdater]: Refreshing sidebar indicators for 4 repositories took 1.3s of which 0.0s paused, total 1.3s
