2025-10-18T19:49:09.717Z - info: [ui] [AppStore] loading 1 repositories from store
2025-10-18T19:49:09.719Z - info: [ui] [AppStore] found account: Pigatronee (PigObsessedGameDev)
2025-10-18T19:49:09.957Z - info: [ui] launching: 3.4.13-linux1 (Linux 6.12.53-1-lts)
2025-10-18T19:49:09.958Z - info: [ui] execPath: '/opt/github-desktop/github-desktop'
2025-10-18T19:49:10.092Z - info: [ui] Subscribed 'Pigatronee' to Alive channel
2025-10-18T19:49:10.306Z - info: [ui] Stats reported.
2025-10-18T19:49:12.799Z - info: [ui] credential-helper: found GitHub credential for https://github.com/ in store
2025-10-18T19:49:13.252Z - info: [ui] credential-helper: found GitHub credential for https://github.com/ in store
2025-10-18T19:49:46.307Z - info: [ui] [Timing] Action 'create commit' for 'Pigatronee/PigaDotfiles' took 0.142s
2025-10-18T19:49:46.956Z - info: [ui] credential-helper: found GitHub credential for https://github.com/ in store
2025-10-18T19:49:47.730Z - info: [ui] credential-helper: found GitHub credential for https://github.com/ in store
2025-10-18T19:49:48.197Z - info: [ui] credential-helper: found GitHub credential for https://github.com/ in store
2025-10-18T22:58:39.782Z - info: [ui] [AppStore] loading 1 repositories from store
2025-10-18T22:58:39.785Z - info: [ui] [AppStore] found account: Pigatronee (PigObsessedGameDev)
2025-10-18T22:58:39.806Z - info: [ui] [BranchPruner] Last prune took place 3 hours ago - skipping
2025-10-18T22:58:40.059Z - info: [ui] launching: 3.4.13-linux1 (Linux 6.12.53-1-lts)
2025-10-18T22:58:40.059Z - info: [ui] execPath: '/opt/github-desktop/github-desktop'
2025-10-18T22:58:40.137Z - info: [ui] Subscribed 'Pigatronee' to Alive channel
2025-10-18T22:58:47.695Z - info: [ui] credential-helper: found GitHub credential for https://github.com/ in store
2025-10-18T22:58:48.190Z - info: [ui] credential-helper: found GitHub credential for https://github.com/ in store
