2025-11-11T02:57:12.763Z - info: [ui] [AppStore] loading 5 repositories from store
2025-11-11T02:57:12.766Z - info: [ui] [AppStore] found account: Pigatronee (PigObsessedGameDev)
2025-11-11T02:57:13.004Z - info: [ui] launching: 3.4.13-linux1 (Linux 6.17.3-arch2-1)
2025-11-11T02:57:13.004Z - info: [ui] execPath: '/opt/github-desktop/github-desktop'
2025-11-11T02:57:13.152Z - info: [ui] Subscribed 'Pigatronee' to Alive channel
2025-11-11T02:57:13.348Z - info: [ui] Stats reported.
2025-11-11T02:57:15.640Z - info: [ui] credential-helper: found GitHub credential for https://github.com/ in store
2025-11-11T02:57:16.069Z - info: [ui] credential-helper: found GitHub credential for https://github.com/ in store
2025-11-11T02:57:59.198Z - info: [main] Received possible protocol arguments: 2
2025-11-11T02:58:00.273Z - info: [ui] Executing getStatus: git --no-optional-locks status --untracked-files=all --branch --porcelain=2 -z (took 1.035s)
2025-11-11T02:58:00.276Z - info: [ui] Executing getStatus: git --no-optional-locks status --untracked-files=all --branch --porcelain=2 -z (took 1.046s)
2025-11-11T02:58:00.316Z - info: [ui] Executing getStatus: git --no-optional-locks status --untracked-files=all --branch --porcelain=2 -z (took 1.008s)
2025-11-11T02:58:00.319Z - info: [ui] Executing getStatus: git --no-optional-locks status --untracked-files=all --branch --porcelain=2 -z (took 1.028s)
2025-11-11T02:58:00.322Z - info: [ui] Executing getStatus: git --no-optional-locks status --untracked-files=all --branch --porcelain=2 -z (took 1.070s)
2025-11-11T02:58:00.325Z - info: [ui] Executing getStatus: git --no-optional-locks status --untracked-files=all --branch --porcelain=2 -z (took 1.049s)
2025-11-11T02:58:00.340Z - info: [ui] Executing getStatus: git --no-optional-locks status --untracked-files=all --branch --porcelain=2 -z (took 1.120s)
2025-11-11T02:58:00.376Z - info: [ui] Executing getStatus: git --no-optional-locks status --untracked-files=all --branch --porcelain=2 -z (took 1.017s)
2025-11-11T02:58:00.448Z - info: [ui] Executing getStatus: git --no-optional-locks status --untracked-files=all --branch --porcelain=2 -z (took 1.122s)
2025-11-11T02:58:16.214Z - info: [ui] [BranchPruner] Last prune took place 1 minute ago - skipping
2025-11-11T02:58:17.984Z - info: [ui] [RepositoryIndicatorUpdater]: Refreshing sidebar indicators for 4 repositories took 1.2s of which 0.0s paused, total 1.2s
2025-11-11T02:58:30.237Z - info: [ui] Executing updateIndex: git update-index --add --remove --replace -z --stdin (took 8.132s)
2025-11-11T02:58:30.522Z - info: [ui] [Timing] Action 'create commit' for 'Pigatronee/PigaDotfiles' took 8.910s
2025-11-11T02:58:32.326Z - info: [ui] credential-helper: found GitHub credential for https://github.com/ in store
