2025-11-12T23:53:20.907Z - info: [ui] [AppStore] loading 5 repositories from store
2025-11-12T23:53:20.909Z - info: [ui] [AppStore] found account: Pigatronee (PigObsessedGameDev)
2025-11-12T23:53:21.093Z - info: [ui] launching: 3.4.13-linux1 (Linux 6.17.3-arch2-1)
2025-11-12T23:53:21.094Z - info: [ui] execPath: '/opt/github-desktop/github-desktop'
2025-11-12T23:53:21.335Z - info: [ui] Subscribed 'Pigatronee' to Alive channel
2025-11-12T23:53:21.483Z - info: [ui] Stats reported.
2025-11-12T23:53:22.843Z - info: [ui] Executing getChangesFiles: git log ceb3bce9bb2d87999727f164885e578de81a70c0 -C -M -m -1 --no-show-signature --first-parent --raw --format=format: --numstat -z -- (took 1.550s)
2025-11-12T23:54:17.500Z - info: [ui] Subscribed 'Pigatronee' to Alive channel
2025-11-12T23:54:17.503Z - info: [ui] [AppStore] loading 5 repositories from store
2025-11-12T23:54:17.504Z - info: [ui] [AppStore] found account: Pigatronee (PigObsessedGameDev)
2025-11-12T23:54:17.536Z - info: [ui] [BranchPruner] Last prune took place 1 minute ago - skipping
2025-11-12T23:54:17.781Z - info: [ui] launching: 3.4.13-linux1 (Linux 6.17.3-arch2-1)
2025-11-12T23:54:17.781Z - info: [ui] execPath: '/opt/github-desktop/github-desktop'
2025-11-12T23:54:18.901Z - info: [ui] Executing getStatus: git --no-optional-locks status --untracked-files=all --branch --porcelain=2 -z (took 1.377s)
2025-11-12T23:54:19.007Z - info: [ui] Executing getStatus: git --no-optional-locks status --untracked-files=all --branch --porcelain=2 -z (took 1.397s)
2025-11-12T23:54:19.038Z - info: [ui] Executing getStatus: git --no-optional-locks status --untracked-files=all --branch --porcelain=2 -z (took 1.418s)
2025-11-12T23:54:20.123Z - info: [ui] Executing getChangesFiles: git log ceb3bce9bb2d87999727f164885e578de81a70c0 -C -M -m -1 --no-show-signature --first-parent --raw --format=format: --numstat -z -- (took 1.075s)
2025-11-12T23:54:40.248Z - info: [ui] Executing unstageAll: git reset -- . (took 1.207s)
2025-11-12T23:54:40.404Z - info: [ui] credential-helper: found GitHub credential for https://github.com/ in store
2025-11-12T23:54:41.226Z - info: [ui] [Timing] Action 'create commit' for 'Pigatronee/PigaDotfiles' took 2.202s
2025-11-12T23:54:49.392Z - info: [main] opening in browser: https://github.com/Pigatronee/PigaDotfiles
2025-11-12T23:57:11.571Z - info: [ui] Executing push: git push origin main:main --progress (took 151.337s)
2025-11-12T23:57:11.739Z - info: [ui] credential-helper: found GitHub credential for https://github.com/ in store
2025-11-12T23:57:12.157Z - info: [ui] credential-helper: found GitHub credential for https://github.com/ in store
2025-11-12T23:59:48.991Z - info: [ui] [RepositoryIndicatorUpdater]: Refreshing sidebar indicators for 4 repositories took 2.3s of which 190.4s paused, total 192.7s
2025-11-12T23:59:49.568Z - info: [ui] credential-helper: found GitHub credential for https://github.com/ in store
2025-11-12T23:59:59.921Z - info: [ui] Executing push: git push origin main:main --progress (took 10.517s)
