2025-11-01T18:06:23.872Z - info: [ui] [AppStore] loading 3 repositories from store
2025-11-01T18:06:23.874Z - info: [ui] [AppStore] found account: Pigatronee (PigObsessedGameDev)
2025-11-01T18:06:23.983Z - info: [ui] launching: 3.4.13-linux1 (Linux 6.17.3-arch2-1)
2025-11-01T18:06:23.983Z - info: [ui] execPath: '/opt/github-desktop/github-desktop'
2025-11-01T18:06:24.405Z - info: [ui] Subscribed 'Pigatronee' to Alive channel
2025-11-01T18:06:24.572Z - info: [ui] Stats reported.
2025-11-01T18:06:31.156Z - info: [ui] No submodules found. Skipping "git submodule status"
2025-11-01T18:06:54.529Z - info: [ui] [Timing] Action 'create commit' for 'Pigatronee/Game-Save-Files' took 0.066s
2025-11-01T18:06:56.103Z - info: [ui] credential-helper: found GitHub credential for https://github.com/ in store
2025-11-01T18:06:56.792Z - info: [ui] Executing push: git push origin main:main --progress (took 1.070s)
2025-11-01T18:06:57.141Z - info: [ui] credential-helper: found GitHub credential for https://github.com/ in store
2025-11-01T18:06:57.375Z - info: [ui] [RepositoryIndicatorUpdater]: Refreshing sidebar indicators for 2 repositories took 0.1s of which 0.0s paused, total 0.1s
2025-11-01T18:06:57.917Z - info: [ui] credential-helper: found GitHub credential for https://github.com/ in store
2025-11-01T18:21:04.662Z - info: [ui] [AppStore] loading 3 repositories from store
2025-11-01T18:21:04.665Z - info: [ui] [AppStore] found account: Pigatronee (PigObsessedGameDev)
2025-11-01T18:21:04.688Z - info: [ui] [BranchPruner] Last prune took place 14 minutes ago - skipping
2025-11-01T18:21:04.866Z - info: [ui] launching: 3.4.13-linux1 (Linux 6.17.3-arch2-1)
2025-11-01T18:21:04.867Z - info: [ui] execPath: '/opt/github-desktop/github-desktop'
2025-11-01T18:21:05.124Z - info: [ui] Subscribed 'Pigatronee' to Alive channel
2025-11-01T18:21:14.247Z - info: [ui] [AppStore] adding repository at /home/Pigatronee/Documents/github/PigaOs to store
2025-11-01T18:21:25.173Z - info: [ui] credential-helper: found GitHub credential for https://github.com/ in store
2025-11-01T18:21:25.910Z - info: [ui] credential-helper: found GitHub credential for https://github.com/ in store
2025-11-01T18:21:26.510Z - info: [ui] credential-helper: found GitHub credential for https://github.com/ in store
2025-11-01T18:21:27.312Z - info: [ui] [BranchPruner] No branches to prune.
