2025-11-07T15:25:10.191Z - info: [ui] [AppStore] loading 5 repositories from store
2025-11-07T15:25:10.193Z - info: [ui] [AppStore] found account: Pigatronee (PigObsessedGameDev)
2025-11-07T15:25:10.459Z - info: [ui] launching: 3.4.13-linux1 (Linux 6.17.3-arch2-1)
2025-11-07T15:25:10.460Z - info: [ui] execPath: '/opt/github-desktop/github-desktop'
2025-11-07T15:25:10.590Z - info: [ui] Subscribed 'Pigatronee' to Alive channel
2025-11-07T15:25:10.717Z - info: [ui] credential-helper: found GitHub credential for https://github.com/ in store
2025-11-07T15:25:10.771Z - info: [ui] Stats reported.
2025-11-07T15:25:11.320Z - info: [ui] credential-helper: found GitHub credential for https://github.com/ in store
2025-11-07T15:25:15.949Z - info: [ui] credential-helper: found GitHub credential for https://github.com/ in store
2025-11-07T15:25:16.414Z - info: [ui] credential-helper: found GitHub credential for https://github.com/ in store
2025-11-07T15:26:00.008Z - info: [ui] Executing getChangesFiles: git log 6b2964fd1d466720a73375c72c90f06607caa8b5 -C -M -m -1 --no-show-signature --first-parent --raw --format=format: --numstat -z -- (took 1.800s)
2025-11-07T15:50:19.865Z - info: [ui] [AppStore] loading 5 repositories from store
2025-11-07T15:50:19.869Z - info: [ui] [AppStore] found account: Pigatronee (PigObsessedGameDev)
2025-11-07T15:50:19.901Z - info: [ui] [BranchPruner] Last prune took place 25 minutes ago - skipping
2025-11-07T15:50:20.106Z - info: [ui] launching: 3.4.13-linux1 (Linux 6.17.3-arch2-1)
2025-11-07T15:50:20.107Z - info: [ui] execPath: '/opt/github-desktop/github-desktop'
2025-11-07T15:50:20.260Z - info: [ui] Subscribed 'Pigatronee' to Alive channel
2025-11-07T15:50:21.098Z - info: [ui] Executing getStatus: git --no-optional-locks status --untracked-files=all --branch --porcelain=2 -z (took 1.211s)
2025-11-07T15:50:21.264Z - info: [ui] Executing getStatus: git --no-optional-locks status --untracked-files=all --branch --porcelain=2 -z (took 1.184s)
2025-11-07T15:50:22.606Z - info: [ui] Executing getChangesFiles: git log 6b2964fd1d466720a73375c72c90f06607caa8b5 -C -M -m -1 --no-show-signature --first-parent --raw --format=format: --numstat -z -- (took 1.355s)
2025-11-07T15:50:30.484Z - info: [ui] Executing unstageAll: git reset -- . (took 1.032s)
2025-11-07T15:50:31.253Z - info: [ui] [Timing] Action 'create commit' for 'Pigatronee/PigaDotfiles' took 1.824s
2025-11-07T15:50:32.381Z - info: [ui] credential-helper: found GitHub credential for https://github.com/ in store
2025-11-07T15:50:39.769Z - info: [ui] Executing push: git push origin main:main --progress (took 7.561s)
2025-11-07T15:50:39.947Z - info: [ui] credential-helper: found GitHub credential for https://github.com/ in store
2025-11-07T15:50:40.395Z - info: [ui] credential-helper: found GitHub credential for https://github.com/ in store
