2025-11-19T22:27:08.657Z - info: [ui] [AppStore] loading 5 repositories from store
2025-11-19T22:27:08.659Z - info: [ui] [AppStore] found account: Pigatronee (PigObsessedGameDev)
2025-11-19T22:27:08.783Z - info: [ui] launching: 3.4.13-linux1 (Linux 6.17.3-arch2-1)
2025-11-19T22:27:08.784Z - info: [ui] execPath: '/opt/github-desktop/github-desktop'
2025-11-19T22:27:09.075Z - info: [ui] Subscribed 'Pigatronee' to Alive channel
2025-11-19T22:27:09.122Z - info: [ui] Stats reported.
2025-11-19T22:27:11.468Z - info: [ui] credential-helper: found GitHub credential for https://github.com/ in store
2025-11-19T22:27:12.074Z - info: [ui] credential-helper: found GitHub credential for https://github.com/ in store
2025-11-19T22:27:13.089Z - info: [ui] credential-helper: found GitHub credential for https://github.com/ in store
2025-11-19T22:27:13.549Z - info: [ui] credential-helper: found GitHub credential for https://github.com/ in store
2025-11-19T23:29:37.796Z - info: [ui] [AppStore] loading 5 repositories from store
2025-11-19T23:29:37.799Z - info: [ui] [AppStore] found account: Pigatronee (PigObsessedGameDev)
2025-11-19T23:29:37.821Z - info: [ui] [BranchPruner] Last prune took place 1 hour ago - skipping
2025-11-19T23:29:38.021Z - info: [ui] launching: 3.4.13-linux1 (Linux 6.17.3-arch2-1)
2025-11-19T23:29:38.021Z - info: [ui] execPath: '/opt/github-desktop/github-desktop'
2025-11-19T23:29:38.192Z - info: [ui] Subscribed 'Pigatronee' to Alive channel
2025-11-19T23:29:44.038Z - info: [ui] No submodules found. Skipping "git submodule status"
2025-11-19T23:29:44.158Z - info: [ui] [RepositoryIndicatorUpdater]: Refreshing sidebar indicators for 4 repositories took 1.6s of which 0.0s paused, total 1.6s
2025-11-19T23:29:45.527Z - info: [ui] credential-helper: found GitHub credential for https://github.com/ in store
2025-11-19T23:29:45.995Z - info: [ui] credential-helper: found GitHub credential for https://github.com/ in store
2025-11-19T23:30:06.829Z - info: [ui] No submodules found. Skipping "git submodule status"
2025-11-19T23:36:41.408Z - info: [ui] [Timing] Action 'create commit' for 'Pigatronee/Knight-game-improved' took 0.083s
2025-11-19T23:36:42.522Z - info: [ui] credential-helper: found GitHub credential for https://github.com/ in store
2025-11-19T23:36:43.194Z - info: [ui] credential-helper: found GitHub credential for https://github.com/ in store
2025-11-19T23:36:43.635Z - info: [ui] credential-helper: found GitHub credential for https://github.com/ in store
2025-11-19T23:55:41.364Z - info: [ui] [RepositoryIndicatorUpdater]: Refreshing sidebar indicators for 4 repositories took 1.1s of which 0.0s paused, total 1.1s
2025-11-19T23:55:51.170Z - info: [ui] [Timing] Action 'create commit' for 'Pigatronee/Knight-game-improved' took 0.047s
2025-11-19T23:55:52.310Z - info: [ui] credential-helper: found GitHub credential for https://github.com/ in store
2025-11-19T23:55:52.887Z - info: [ui] credential-helper: found GitHub credential for https://github.com/ in store
2025-11-19T23:55:53.310Z - info: [ui] credential-helper: found GitHub credential for https://github.com/ in store
