2025-11-02T12:33:25.460Z - info: [ui] [AppStore] loading 4 repositories from store
2025-11-02T12:33:25.463Z - info: [ui] [AppStore] found account: Pigatronee (PigObsessedGameDev)
2025-11-02T12:33:25.485Z - info: [ui] [BranchPruner] Last prune took place 18 hours ago - skipping
2025-11-02T12:33:25.830Z - info: [ui] launching: 3.4.13-linux1 (Linux 6.17.3-arch2-1)
2025-11-02T12:33:25.830Z - info: [ui] execPath: '/opt/github-desktop/github-desktop'
2025-11-02T12:33:25.842Z - info: [ui] Subscribed 'Pigatronee' to Alive channel
2025-11-02T12:33:36.038Z - info: [ui] [Timing] Action 'create commit' for 'Pigatronee/PigaOs' took 0.054s
2025-11-02T12:33:37.588Z - info: [ui] credential-helper: found GitHub credential for https://github.com/ in store
2025-11-02T12:33:38.215Z - info: [ui] credential-helper: found GitHub credential for https://github.com/ in store
2025-11-02T12:33:38.687Z - info: [ui] credential-helper: found GitHub credential for https://github.com/ in store
2025-11-02T12:33:41.022Z - info: [ui] [BranchPruner] Last prune took place 18 hours ago - skipping
2025-11-02T12:33:52.301Z - info: [ui] [RepositoryIndicatorUpdater]: Refreshing sidebar indicators for 3 repositories took 0.7s of which 0.0s paused, total 0.7s
2025-11-02T12:34:05.334Z - info: [ui] [Timing] Action 'create commit' for 'Pigatronee/PigaDotfiles' took 0.063s
2025-11-02T12:34:14.233Z - info: [ui] credential-helper: found GitHub credential for https://github.com/ in store
2025-11-02T12:34:14.945Z - info: [ui] credential-helper: found GitHub credential for https://github.com/ in store
2025-11-02T12:34:15.406Z - info: [ui] credential-helper: found GitHub credential for https://github.com/ in store
2025-11-02T12:35:14.878Z - info: [ui] [AppStore] loading 4 repositories from store
2025-11-02T12:35:14.881Z - info: [ui] [AppStore] found account: Pigatronee (PigObsessedGameDev)
2025-11-02T12:35:14.903Z - info: [ui] [BranchPruner] Last prune took place 18 hours ago - skipping
2025-11-02T12:35:14.999Z - info: [ui] launching: 3.4.13-linux1 (Linux 6.17.3-arch2-1)
2025-11-02T12:35:15.000Z - info: [ui] execPath: '/opt/github-desktop/github-desktop'
2025-11-02T12:35:15.280Z - info: [ui] Subscribed 'Pigatronee' to Alive channel
2025-11-02T12:35:32.327Z - info: [ui] Executing updateIndex: git update-index --add --remove --replace -z --stdin (took 6.269s)
2025-11-02T12:35:32.634Z - info: [ui] [Timing] Action 'create commit' for 'Pigatronee/PigaDotfiles' took 6.821s
2025-11-02T12:35:34.250Z - info: [ui] credential-helper: found GitHub credential for https://github.com/ in store
2025-11-02T12:37:34.987Z - info: [ui] Executing push: git push origin main:main --progress (took 120.916s)
2025-11-02T12:37:35.179Z - info: [ui] credential-helper: found GitHub credential for https://github.com/ in store
2025-11-02T12:37:35.641Z - info: [ui] credential-helper: found GitHub credential for https://github.com/ in store
2025-11-02T13:19:59.156Z - info: [ui] [AppStore] loading 4 repositories from store
2025-11-02T13:19:59.158Z - info: [ui] [AppStore] found account: Pigatronee (PigObsessedGameDev)
2025-11-02T13:19:59.180Z - info: [ui] [BranchPruner] Last prune took place 19 hours ago - skipping
2025-11-02T13:19:59.365Z - info: [ui] launching: 3.4.13-linux1 (Linux 6.17.3-arch2-1)
2025-11-02T13:19:59.366Z - info: [ui] execPath: '/opt/github-desktop/github-desktop'
2025-11-02T13:19:59.527Z - info: [ui] Subscribed 'Pigatronee' to Alive channel
2025-11-02T13:20:00.547Z - info: [ui] Executing getChangesFiles: git log 6b2964fd1d466720a73375c72c90f06607caa8b5 -C -M -m -1 --no-show-signature --first-parent --raw --format=format: --numstat -z -- (took 1.242s)
2025-11-02T13:20:18.674Z - info: [ui] credential-helper: found GitHub credential for https://github.com/ in store
2025-11-02T13:20:19.128Z - info: [ui] credential-helper: found GitHub credential for https://github.com/ in store
2025-11-02T13:21:21.306Z - info: [ui] [RepositoryIndicatorUpdater]: Refreshing sidebar indicators for 3 repositories took 0.8s of which 0.0s paused, total 0.8s
2025-11-02T13:21:28.248Z - info: [ui] [AppStore] adding repository at /home/Pigatronee/Documents/github/PigaVCS to store
2025-11-02T13:21:33.104Z - info: [ui] credential-helper: found GitHub credential for https://github.com/ in store
2025-11-02T13:21:33.706Z - info: [ui] credential-helper: found GitHub credential for https://github.com/ in store
2025-11-02T13:21:34.322Z - info: [ui] credential-helper: found GitHub credential for https://github.com/ in store
2025-11-02T13:21:35.020Z - info: [ui] [BranchPruner] No branches to prune.
2025-11-02T13:23:06.353Z - info: [main] Received possible protocol arguments: 2
2025-11-02T13:23:08.983Z - info: [ui] [AppStore] loading 5 repositories from store
2025-11-02T13:23:08.985Z - info: [ui] [AppStore] found account: Pigatronee (PigObsessedGameDev)
2025-11-02T13:23:09.006Z - info: [ui] [BranchPruner] Last prune took place 2 minutes ago - skipping
2025-11-02T13:23:09.180Z - info: [ui] launching: 3.4.13-linux1 (Linux 6.17.3-arch2-1)
2025-11-02T13:23:09.181Z - info: [ui] execPath: '/opt/github-desktop/github-desktop'
2025-11-02T13:23:09.343Z - info: [ui] Subscribed 'Pigatronee' to Alive channel
2025-11-02T13:23:12.430Z - info: [ui] [Timing] Action 'create commit' for 'Pigatronee/PigaVCS' took 0.046s
2025-11-02T13:23:13.306Z - info: [ui] credential-helper: found GitHub credential for https://github.com/ in store
2025-11-02T13:23:13.913Z - info: [ui] credential-helper: found GitHub credential for https://github.com/ in store
2025-11-02T13:23:14.377Z - info: [ui] credential-helper: found GitHub credential for https://github.com/ in store
2025-11-02T13:25:27.170Z - info: [ui] [RepositoryIndicatorUpdater]: Refreshing sidebar indicators for 4 repositories took 1.0s of which 0.0s paused, total 1.0s
2025-11-02T13:40:44.367Z - info: [ui] [RepositoryIndicatorUpdater]: Refreshing sidebar indicators for 4 repositories took 1.1s of which 0.0s paused, total 1.1s
2025-11-02T13:56:01.684Z - info: [ui] [RepositoryIndicatorUpdater]: Refreshing sidebar indicators for 4 repositories took 1.2s of which 0.0s paused, total 1.2s
2025-11-02T13:56:35.470Z - info: [ui] credential-helper: found GitHub credential for https://github.com/ in store
2025-11-02T13:56:35.926Z - info: [ui] credential-helper: found GitHub credential for https://github.com/ in store
2025-11-02T14:11:18.737Z - info: [ui] [RepositoryIndicatorUpdater]: Refreshing sidebar indicators for 4 repositories took 1.1s of which 0.0s paused, total 1.1s
2025-11-02T14:26:36.009Z - info: [ui] [RepositoryIndicatorUpdater]: Refreshing sidebar indicators for 4 repositories took 1.2s of which 0.0s paused, total 1.2s
2025-11-02T14:29:33.408Z - info: [ui] credential-helper: found GitHub credential for https://github.com/ in store
2025-11-02T14:29:33.856Z - info: [ui] credential-helper: found GitHub credential for https://github.com/ in store
2025-11-02T14:41:54.403Z - info: [ui] [RepositoryIndicatorUpdater]: Refreshing sidebar indicators for 4 repositories took 2.4s of which 0.0s paused, total 2.4s
2025-11-02T14:57:10.201Z - info: [ui] [RepositoryIndicatorUpdater]: Refreshing sidebar indicators for 4 repositories took 1.0s of which 0.0s paused, total 1.0s
2025-11-02T15:02:31.345Z - info: [ui] credential-helper: found GitHub credential for https://github.com/ in store
2025-11-02T15:02:31.802Z - info: [ui] credential-helper: found GitHub credential for https://github.com/ in store
2025-11-02T15:12:27.412Z - info: [ui] [RepositoryIndicatorUpdater]: Refreshing sidebar indicators for 4 repositories took 1.1s of which 0.0s paused, total 1.1s
2025-11-02T15:27:44.577Z - info: [ui] [RepositoryIndicatorUpdater]: Refreshing sidebar indicators for 4 repositories took 1.1s of which 0.0s paused, total 1.1s
2025-11-02T15:35:29.280Z - info: [ui] credential-helper: found GitHub credential for https://github.com/ in store
2025-11-02T15:35:29.746Z - info: [ui] credential-helper: found GitHub credential for https://github.com/ in store
2025-11-02T15:43:01.888Z - info: [ui] [RepositoryIndicatorUpdater]: Refreshing sidebar indicators for 4 repositories took 1.2s of which 0.0s paused, total 1.2s
2025-11-02T15:58:18.858Z - info: [ui] [RepositoryIndicatorUpdater]: Refreshing sidebar indicators for 4 repositories took 1.0s of which 0.0s paused, total 1.0s
2025-11-02T16:08:27.273Z - info: [ui] credential-helper: found GitHub credential for https://github.com/ in store
2025-11-02T16:08:27.745Z - info: [ui] credential-helper: found GitHub credential for https://github.com/ in store
2025-11-02T16:13:36.055Z - info: [ui] [RepositoryIndicatorUpdater]: Refreshing sidebar indicators for 4 repositories took 1.0s of which 0.0s paused, total 1.0s
2025-11-02T16:28:53.261Z - info: [ui] [RepositoryIndicatorUpdater]: Refreshing sidebar indicators for 4 repositories took 1.0s of which 0.0s paused, total 1.0s
2025-11-02T16:41:25.178Z - info: [ui] credential-helper: found GitHub credential for https://github.com/ in store
2025-11-02T16:41:25.634Z - info: [ui] credential-helper: found GitHub credential for https://github.com/ in store
2025-11-02T16:44:10.505Z - info: [ui] [RepositoryIndicatorUpdater]: Refreshing sidebar indicators for 4 repositories took 1.1s of which 0.0s paused, total 1.1s
2025-11-02T16:59:27.772Z - info: [ui] [RepositoryIndicatorUpdater]: Refreshing sidebar indicators for 4 repositories took 1.2s of which 0.0s paused, total 1.2s
2025-11-02T17:14:23.677Z - info: [ui] credential-helper: found GitHub credential for https://github.com/ in store
2025-11-02T17:14:24.152Z - info: [ui] credential-helper: found GitHub credential for https://github.com/ in store
2025-11-02T17:14:44.765Z - info: [ui] [RepositoryIndicatorUpdater]: Refreshing sidebar indicators for 4 repositories took 1.0s of which 0.0s paused, total 1.0s
2025-11-02T17:23:09.006Z - info: [ui] [BranchPruner] Last prune took place 4 hours ago - skipping
2025-11-02T17:30:01.990Z - info: [ui] [RepositoryIndicatorUpdater]: Refreshing sidebar indicators for 4 repositories took 1.1s of which 0.0s paused, total 1.1s
2025-11-02T17:45:19.700Z - info: [ui] [RepositoryIndicatorUpdater]: Refreshing sidebar indicators for 4 repositories took 1.6s of which 0.0s paused, total 1.6s
2025-11-02T17:47:22.447Z - info: [ui] credential-helper: found GitHub credential for https://github.com/ in store
2025-11-02T17:47:22.897Z - info: [ui] credential-helper: found GitHub credential for https://github.com/ in store
2025-11-02T18:00:36.411Z - info: [ui] [RepositoryIndicatorUpdater]: Refreshing sidebar indicators for 4 repositories took 1.2s of which 0.0s paused, total 1.2s
2025-11-02T18:15:53.477Z - info: [ui] [RepositoryIndicatorUpdater]: Refreshing sidebar indicators for 4 repositories took 1.0s of which 0.0s paused, total 1.0s
2025-11-02T18:20:20.386Z - info: [ui] credential-helper: found GitHub credential for https://github.com/ in store
2025-11-02T18:20:20.848Z - info: [ui] credential-helper: found GitHub credential for https://github.com/ in store
