2025-10-30T01:33:50.669Z - info: [ui] [AppStore] loading 2 repositories from store
2025-10-30T01:33:50.673Z - info: [ui] [AppStore] found account: Pigatronee (PigObsessedGameDev)
2025-10-30T01:33:50.694Z - info: [ui] [BranchPruner] Last prune took place 9 hours ago - skipping
2025-10-30T01:33:51.095Z - info: [ui] Subscribed 'Pigatronee' to Alive channel
2025-10-30T01:33:51.117Z - info: [ui] launching: 3.4.13-linux1 (Linux 6.17.3-arch2-1)
2025-10-30T01:33:51.118Z - info: [ui] execPath: '/opt/github-desktop/github-desktop'
2025-10-30T01:34:03.167Z - info: [ui] [Timing] Action 'create commit' for 'Pigatronee/PigaDotfiles' took 0.073s
2025-10-30T01:34:04.303Z - info: [ui] credential-helper: found GitHub credential for https://github.com/ in store
2025-10-30T01:34:05.017Z - info: [ui] credential-helper: found GitHub credential for https://github.com/ in store
2025-10-30T01:34:05.467Z - info: [ui] credential-helper: found GitHub credential for https://github.com/ in store
2025-10-30T01:34:06.897Z - info: [main] opening in browser: https://github.com/Pigatronee/PigaDotfiles
2025-10-30T01:34:12.823Z - info: [main] opening in browser: https://github.com/Pigatronee/PigaDotfiles
2025-10-30T01:34:13.890Z - info: [main] opening in browser: https://github.com/Pigatronee/PigaDotfiles
2025-10-30T01:35:57.813Z - info: [ui] [RepositoryIndicatorUpdater]: Refreshing sidebar indicators for 1 repositories took 0.4s of which 0.0s paused, total 0.4s
2025-10-30T22:18:41.708Z - info: [ui] [AppStore] loading 2 repositories from store
2025-10-30T22:18:41.710Z - info: [ui] [AppStore] found account: Pigatronee (PigObsessedGameDev)
2025-10-30T22:18:41.931Z - info: [ui] launching: 3.4.13-linux1 (Linux 6.17.3-arch2-1)
2025-10-30T22:18:41.931Z - info: [ui] execPath: '/opt/github-desktop/github-desktop'
2025-10-30T22:18:42.084Z - info: [ui] Subscribed 'Pigatronee' to Alive channel
2025-10-30T22:18:42.286Z - info: [ui] Stats reported.
2025-10-30T22:18:50.631Z - info: [ui] credential-helper: found GitHub credential for https://github.com/ in store
2025-10-30T22:18:53.072Z - info: [ui] Executing clone: git -c init.defaultBranch=main clone --recursive --progress -- https://github.com/Pigatronee/Knight-game-improved.git /home/Pigatronee/Documents/github/Knight-game-improved (took 2.634s)
2025-10-30T22:18:53.078Z - info: [ui] [AppStore] adding repository at /home/Pigatronee/Documents/github/Knight-game-improved to store
2025-10-30T22:18:53.156Z - info: [ui] [BranchPruner] Last prune took place 11 seconds ago - skipping
2025-10-30T22:18:53.316Z - info: [ui] credential-helper: found GitHub credential for https://github.com/ in store
2025-10-30T22:18:53.781Z - info: [ui] credential-helper: found GitHub credential for https://github.com/ in store
2025-10-30T22:19:12.553Z - info: [ui] credential-helper: found GitHub credential for https://github.com/ in store
2025-10-30T22:19:13.049Z - info: [ui] credential-helper: found GitHub credential for https://github.com/ in store
2025-10-30T22:19:24.877Z - info: [ui] [RepositoryIndicatorUpdater]: Refreshing sidebar indicators for 3 repositories took 1.5s of which 27.5s paused, total 29.0s
