2025-10-17 00:23:27.782 [info] [main] Log level: Info
2025-10-17 00:23:27.782 [info] [main] Validating found git in: "git"
2025-10-17 00:23:27.782 [info] [main] Using git "2.51.0" from "git"
2025-10-17 00:23:27.782 [info] [Model][doInitialScan] Initial repository scan started
2025-10-17 00:23:27.782 [info] > git rev-parse --show-toplevel [4ms]
2025-10-17 00:23:27.782 [info] fatal: not a git repository (or any of the parent directories): .git
2025-10-17 00:23:27.782 [info] > git rev-parse --show-toplevel [2ms]
2025-10-17 00:23:27.782 [info] fatal: not a git repository (or any of the parent directories): .git
2025-10-17 00:23:27.782 [info] > git rev-parse --show-toplevel [1ms]
2025-10-17 00:23:27.782 [info] fatal: not a git repository (or any of the parent directories): .git
2025-10-17 00:23:27.782 [info] > git rev-parse --show-toplevel [1ms]
2025-10-17 00:23:27.782 [info] fatal: not a git repository (or any of the parent directories): .git
2025-10-17 00:23:27.782 [info] [Model][doInitialScan] Initial repository scan completed - repositories (0), closed repositories (0), parent repositories (0), unsafe repositories (0)
2025-10-17 00:23:29.464 [info] > git rev-parse --show-toplevel [2ms]
2025-10-17 00:23:29.464 [info] fatal: not a git repository (or any of the parent directories): .git
2025-10-17 00:25:52.146 [info] > git rev-parse --show-toplevel [1ms]
2025-10-17 00:25:52.146 [info] fatal: not a git repository (or any of the parent directories): .git
2025-10-17 00:25:58.050 [info] > git rev-parse --show-toplevel [2ms]
2025-10-17 00:25:58.050 [info] fatal: not a git repository (or any of the parent directories): .git
2025-10-17 00:25:58.334 [info] > git rev-parse --show-toplevel [1ms]
2025-10-17 00:25:58.334 [info] fatal: not a git repository (or any of the parent directories): .git
2025-10-17 00:27:21.600 [info] > git rev-parse --show-toplevel [1ms]
2025-10-17 00:27:21.600 [info] fatal: not a git repository (or any of the parent directories): .git
2025-10-17 00:30:46.809 [info] [main] Log level: Info
2025-10-17 00:30:46.809 [info] [main] Validating found git in: "git"
2025-10-17 00:30:46.809 [info] [main] Using git "2.51.0" from "git"
2025-10-17 00:30:46.809 [info] [Model][doInitialScan] Initial repository scan started
2025-10-17 00:30:46.809 [info] > git rev-parse --show-toplevel [6ms]
2025-10-17 00:30:46.809 [info] fatal: not a git repository (or any of the parent directories): .git
2025-10-17 00:30:46.813 [info] > git rev-parse --show-toplevel [1ms]
2025-10-17 00:30:46.813 [info] fatal: not a git repository (or any of the parent directories): .git
2025-10-17 00:30:46.813 [info] [Model][doInitialScan] Initial repository scan completed - repositories (0), closed repositories (0), parent repositories (0), unsafe repositories (0)
2025-10-17 00:30:46.817 [info] > git rev-parse --show-toplevel [1ms]
2025-10-17 00:30:46.817 [info] fatal: not a git repository (or any of the parent directories): .git
2025-10-17 00:30:46.833 [info] > git rev-parse --show-toplevel [1ms]
2025-10-17 00:30:46.833 [info] fatal: not a git repository (or any of the parent directories): .git
2025-10-17 00:30:46.920 [info] > git rev-parse --show-toplevel [1ms]
2025-10-17 00:30:46.921 [info] fatal: not a git repository (or any of the parent directories): .git
2025-10-17 00:30:48.770 [info] > git rev-parse --show-toplevel [1ms]
2025-10-17 00:30:48.770 [info] fatal: not a git repository (or any of the parent directories): .git
2025-10-17 00:32:37.450 [info] > git rev-parse --show-toplevel [2ms]
2025-10-17 00:32:37.450 [info] fatal: not a git repository (or any of the parent directories): .git
